2002.03.07 22:17 B D:\Seating\MultiProgram\Projects\DataStructures\AANode-001.java.log <-- seating /d:/My_Documents/research_1/Experiment2/MultiProgram/Projects/DataStructures AANode-001.java.log
2002.03.07 22:17 B D:\Seating\MultiProgram\Projects\DataStructures\AANode.java <-- seating /d:/My_Documents/research_1/Experiment2/MultiProgram/Projects/DataStructures AANode.java
2002.03.07 22:17 B D:\Seating\MultiProgram\Projects\DataStructures\AATree.java <-- seating /d:/My_Documents/research_1/Experiment2/MultiProgram/Projects/DataStructures AATree.java
2002.03.07 22:17 B D:\Seating\MultiProgram\Projects\DataStructures\AATree.java.log <-- seating /d:/My_Documents/research_1/Experiment2/MultiProgram/Projects/DataStructures AATree.java.log
2002.03.07 22:17 B D:\Seating\MultiProgram\Projects\DataStructures\AvlNode.java <-- seating /d:/My_Documents/research_1/Experiment2/MultiProgram/Projects/DataStructures AvlNode.java
2002.03.07 22:17 B D:\Seating\MultiProgram\Projects\DataStructures\AvlNode.java.log <-- seating /d:/My_Documents/research_1/Experiment2/MultiProgram/Projects/DataStructures AvlNode.java.log
2002.03.07 22:17 B D:\Seating\MultiProgram\Projects\DataStructures\AvlTree.java <-- seating /d:/My_Documents/research_1/Experiment2/MultiProgram/Projects/DataStructures AvlTree.java
2002.03.07 22:17 B D:\Seating\MultiProgram\Projects\DataStructures\AvlTree.java.log <-- seating /d:/My_Documents/research_1/Experiment2/MultiProgram/Projects/DataStructures AvlTree.java.log
2002.03.07 22:17 B D:\Seating\MultiProgram\Projects\DataStructures\BinaryHeap.java <-- seating /d:/My_Documents/research_1/Experiment2/MultiProgram/Projects/DataStructures BinaryHeap.java
2002.03.07 22:17 B D:\Seating\MultiProgram\Projects\DataStructures\BinaryHeap.java.log <-- seating /d:/My_Documents/research_1/Experiment2/MultiProgram/Projects/DataStructures BinaryHeap.java.log
2002.03.07 22:17 B D:\Seating\MultiProgram\Projects\DataStructures\BinaryNode.java <-- seating /d:/My_Documents/research_1/Experiment2/MultiProgram/Projects/DataStructures BinaryNode.java
2002.03.07 22:17 B D:\Seating\MultiProgram\Projects\DataStructures\BinaryNode.java.log <-- seating /d:/My_Documents/research_1/Experiment2/MultiProgram/Projects/DataStructures BinaryNode.java.log
2002.03.07 22:17 B D:\Seating\MultiProgram\Projects\DataStructures\BinarySearchTree.java <-- seating /d:/My_Documents/research_1/Experiment2/MultiProgram/Projects/DataStructures BinarySearchTree.java
2002.03.07 22:17 B D:\Seating\MultiProgram\Projects\DataStructures\BinarySearchTree.java.log <-- seating /d:/My_Documents/research_1/Experiment2/MultiProgram/Projects/DataStructures BinarySearchTree.java.log
2002.03.07 22:17 B D:\Seating\MultiProgram\Projects\DataStructures\BinomialNode.java <-- seating /d:/My_Documents/research_1/Experiment2/MultiProgram/Projects/DataStructures BinomialNode.java
2002.03.07 22:17 B D:\Seating\MultiProgram\Projects\DataStructures\BinomialNode.java.log <-- seating /d:/My_Documents/research_1/Experiment2/MultiProgram/Projects/DataStructures BinomialNode.java.log
2002.03.07 22:17 B D:\Seating\MultiProgram\Projects\DataStructures\BinomialQueue.java <-- seating /d:/My_Documents/research_1/Experiment2/MultiProgram/Projects/DataStructures BinomialQueue.java
2002.03.07 22:17 B D:\Seating\MultiProgram\Projects\DataStructures\BinomialQueue.java.log <-- seating /d:/My_Documents/research_1/Experiment2/MultiProgram/Projects/DataStructures BinomialQueue.java.log
2002.03.07 22:17 B D:\Seating\MultiProgram\Projects\DataStructures\Comparable-001.java.log <-- seating /d:/My_Documents/research_1/Experiment2/MultiProgram/Projects/DataStructures Comparable-001.java.log
2002.03.07 22:17 B D:\Seating\MultiProgram\Projects\DataStructures\Comparable.java <-- seating /d:/My_Documents/research_1/Experiment2/MultiProgram/Projects/DataStructures Comparable.java
2002.03.07 22:17 B D:\Seating\MultiProgram\Projects\DataStructures\CursorList.java <-- seating /d:/My_Documents/research_1/Experiment2/MultiProgram/Projects/DataStructures CursorList.java
2002.03.07 22:17 B D:\Seating\MultiProgram\Projects\DataStructures\CursorList.java.log <-- seating /d:/My_Documents/research_1/Experiment2/MultiProgram/Projects/DataStructures CursorList.java.log
2002.03.07 22:17 B D:\Seating\MultiProgram\Projects\DataStructures\CursorListItr.java <-- seating /d:/My_Documents/research_1/Experiment2/MultiProgram/Projects/DataStructures CursorListItr.java
2002.03.07 22:17 B D:\Seating\MultiProgram\Projects\DataStructures\CursorListItr.java.log <-- seating /d:/My_Documents/research_1/Experiment2/MultiProgram/Projects/DataStructures CursorListItr.java.log
2002.03.07 22:17 B D:\Seating\MultiProgram\Projects\DataStructures\CursorNode.java <-- seating /d:/My_Documents/research_1/Experiment2/MultiProgram/Projects/DataStructures CursorNode.java
2002.03.07 22:17 B D:\Seating\MultiProgram\Projects\DataStructures\CursorNode.java.log <-- seating /d:/My_Documents/research_1/Experiment2/MultiProgram/Projects/DataStructures CursorNode.java.log
2002.03.07 22:17 B D:\Seating\MultiProgram\Projects\DataStructures\DisjSets.java <-- seating /d:/My_Documents/research_1/Experiment2/MultiProgram/Projects/DataStructures DisjSets.java
2002.03.07 22:17 B D:\Seating\MultiProgram\Projects\DataStructures\DisjSets.java.log <-- seating /d:/My_Documents/research_1/Experiment2/MultiProgram/Projects/DataStructures DisjSets.java.log
2002.03.07 22:17 B D:\Seating\MultiProgram\Projects\DataStructures\DisjSetsFast.java <-- seating /d:/My_Documents/research_1/Experiment2/MultiProgram/Projects/DataStructures DisjSetsFast.java
2002.03.07 22:17 B D:\Seating\MultiProgram\Projects\DataStructures\DisjSetsFast.java.log <-- seating /d:/My_Documents/research_1/Experiment2/MultiProgram/Projects/DataStructures DisjSetsFast.java.log
2002.03.07 22:17 B D:\Seating\MultiProgram\Projects\DataStructures\DSL.java <-- seating /d:/My_Documents/research_1/Experiment2/MultiProgram/Projects/DataStructures DSL.java
2002.03.07 22:17 B D:\Seating\MultiProgram\Projects\DataStructures\DSL.java.log <-- seating /d:/My_Documents/research_1/Experiment2/MultiProgram/Projects/DataStructures DSL.java.log
2002.03.07 22:17 B D:\Seating\MultiProgram\Projects\DataStructures\Hashable.java <-- seating /d:/My_Documents/research_1/Experiment2/MultiProgram/Projects/DataStructures Hashable.java
2002.03.07 22:17 B D:\Seating\MultiProgram\Projects\DataStructures\Hashable.java.log <-- seating /d:/My_Documents/research_1/Experiment2/MultiProgram/Projects/DataStructures Hashable.java.log
2002.03.07 22:17 B D:\Seating\MultiProgram\Projects\DataStructures\HashEntry.java <-- seating /d:/My_Documents/research_1/Experiment2/MultiProgram/Projects/DataStructures HashEntry.java
2002.03.07 22:17 B D:\Seating\MultiProgram\Projects\DataStructures\HashEntry.java.log <-- seating /d:/My_Documents/research_1/Experiment2/MultiProgram/Projects/DataStructures HashEntry.java.log
2002.03.07 22:17 B D:\Seating\MultiProgram\Projects\DataStructures\INDEX.HTM <-- seating /d:/My_Documents/research_1/Experiment2/MultiProgram/Projects/DataStructures INDEX.HTM
2002.03.07 22:17 B D:\Seating\MultiProgram\Projects\DataStructures\LeftHeapNode.java <-- seating /d:/My_Documents/research_1/Experiment2/MultiProgram/Projects/DataStructures LeftHeapNode.java
2002.03.07 22:17 B D:\Seating\MultiProgram\Projects\DataStructures\LeftHeapNode.java.log <-- seating /d:/My_Documents/research_1/Experiment2/MultiProgram/Projects/DataStructures LeftHeapNode.java.log
2002.03.07 22:17 B D:\Seating\MultiProgram\Projects\DataStructures\LeftistHeap-001.java.log <-- seating /d:/My_Documents/research_1/Experiment2/MultiProgram/Projects/DataStructures LeftistHeap-001.java.log
2002.03.07 22:17 B D:\Seating\MultiProgram\Projects\DataStructures\LeftistHeap.java <-- seating /d:/My_Documents/research_1/Experiment2/MultiProgram/Projects/DataStructures LeftistHeap.java
2002.03.07 22:17 B D:\Seating\MultiProgram\Projects\DataStructures\LinkedList-001.java.log <-- seating /d:/My_Documents/research_1/Experiment2/MultiProgram/Projects/DataStructures LinkedList-001.java.log
2002.03.07 22:17 B D:\Seating\MultiProgram\Projects\DataStructures\LinkedList.java <-- seating /d:/My_Documents/research_1/Experiment2/MultiProgram/Projects/DataStructures LinkedList.java
2002.03.07 22:17 B D:\Seating\MultiProgram\Projects\DataStructures\LinkedListItr-001.java.log <-- seating /d:/My_Documents/research_1/Experiment2/MultiProgram/Projects/DataStructures LinkedListItr-001.java.log
2002.03.07 22:17 B D:\Seating\MultiProgram\Projects\DataStructures\LinkedListItr.java <-- seating /d:/My_Documents/research_1/Experiment2/MultiProgram/Projects/DataStructures LinkedListItr.java
2002.03.07 22:17 B D:\Seating\MultiProgram\Projects\DataStructures\ListNode-001.java.log <-- seating /d:/My_Documents/research_1/Experiment2/MultiProgram/Projects/DataStructures ListNode-001.java.log
2002.03.07 22:17 B D:\Seating\MultiProgram\Projects\DataStructures\ListNode.java <-- seating /d:/My_Documents/research_1/Experiment2/MultiProgram/Projects/DataStructures ListNode.java
2002.03.07 22:17 B D:\Seating\MultiProgram\Projects\DataStructures\MyInteger-001.java.log <-- seating /d:/My_Documents/research_1/Experiment2/MultiProgram/Projects/DataStructures MyInteger-001.java.log
2002.03.07 22:17 B D:\Seating\MultiProgram\Projects\DataStructures\MyInteger.java <-- seating /d:/My_Documents/research_1/Experiment2/MultiProgram/Projects/DataStructures MyInteger.java
2002.03.07 22:17 B D:\Seating\MultiProgram\Projects\DataStructures\MyRandom.java <-- seating /d:/My_Documents/research_1/Experiment2/MultiProgram/Projects/DataStructures MyRandom.java
2002.03.07 22:17 B D:\Seating\MultiProgram\Projects\DataStructures\Overflow-001.java.log <-- seating /d:/My_Documents/research_1/Experiment2/MultiProgram/Projects/DataStructures Overflow-001.java.log
2002.03.07 22:17 B D:\Seating\MultiProgram\Projects\DataStructures\Overflow.java <-- seating /d:/My_Documents/research_1/Experiment2/MultiProgram/Projects/DataStructures Overflow.java
2002.03.07 22:17 B D:\Seating\MultiProgram\Projects\DataStructures\PairHeap.java <-- seating /d:/My_Documents/research_1/Experiment2/MultiProgram/Projects/DataStructures PairHeap.java
2002.03.07 22:17 B D:\Seating\MultiProgram\Projects\DataStructures\PairHeap.java.log <-- seating /d:/My_Documents/research_1/Experiment2/MultiProgram/Projects/DataStructures PairHeap.java.log
2002.03.07 22:17 B D:\Seating\MultiProgram\Projects\DataStructures\PairNode.java <-- seating /d:/My_Documents/research_1/Experiment2/MultiProgram/Projects/DataStructures PairNode.java
2002.03.07 22:17 B D:\Seating\MultiProgram\Projects\DataStructures\PairNode.java.log <-- seating /d:/My_Documents/research_1/Experiment2/MultiProgram/Projects/DataStructures PairNode.java.log
2002.03.07 22:17 B D:\Seating\MultiProgram\Projects\DataStructures\QuadraticProbingHashTable.java <-- seating /d:/My_Documents/research_1/Experiment2/MultiProgram/Projects/DataStructures QuadraticProbingHashTable.java
2002.03.07 22:17 B D:\Seating\MultiProgram\Projects\DataStructures\QuadraticProbingHashTable.java.log <-- seating /d:/My_Documents/research_1/Experiment2/MultiProgram/Projects/DataStructures QuadraticProbingHashTable.java.log
2002.03.07 22:17 B D:\Seating\MultiProgram\Projects\DataStructures\QueueAr.java <-- seating /d:/My_Documents/research_1/Experiment2/MultiProgram/Projects/DataStructures QueueAr.java
2002.03.07 22:17 B D:\Seating\MultiProgram\Projects\DataStructures\QueueAr.java.log <-- seating /d:/My_Documents/research_1/Experiment2/MultiProgram/Projects/DataStructures QueueAr.java.log
2002.03.07 22:17 B D:\Seating\MultiProgram\Projects\DataStructures\Random-001.java.log <-- seating /d:/My_Documents/research_1/Experiment2/MultiProgram/Projects/DataStructures Random-001.java.log
2002.03.07 22:17 B D:\Seating\MultiProgram\Projects\DataStructures\RedBlackNode.java <-- seating /d:/My_Documents/research_1/Experiment2/MultiProgram/Projects/DataStructures RedBlackNode.java
2002.03.07 22:17 B D:\Seating\MultiProgram\Projects\DataStructures\RedBlackNode.java.log <-- seating /d:/My_Documents/research_1/Experiment2/MultiProgram/Projects/DataStructures RedBlackNode.java.log
2002.03.07 22:17 B D:\Seating\MultiProgram\Projects\DataStructures\RedBlackTree.java <-- seating /d:/My_Documents/research_1/Experiment2/MultiProgram/Projects/DataStructures RedBlackTree.java
2002.03.07 22:17 B D:\Seating\MultiProgram\Projects\DataStructures\RedBlackTree.java.log <-- seating /d:/My_Documents/research_1/Experiment2/MultiProgram/Projects/DataStructures RedBlackTree.java.log
2002.03.07 22:17 B D:\Seating\MultiProgram\Projects\DataStructures\Rotations.java <-- seating /d:/My_Documents/research_1/Experiment2/MultiProgram/Projects/DataStructures Rotations.java
2002.03.07 22:17 B D:\Seating\MultiProgram\Projects\DataStructures\Rotations.java.log <-- seating /d:/My_Documents/research_1/Experiment2/MultiProgram/Projects/DataStructures Rotations.java.log
2002.03.07 22:17 B D:\Seating\MultiProgram\Projects\DataStructures\SeparateChainingHashTable.java <-- seating /d:/My_Documents/research_1/Experiment2/MultiProgram/Projects/DataStructures SeparateChainingHashTable.java
2002.03.07 22:17 B D:\Seating\MultiProgram\Projects\DataStructures\SeparateChainingHashTable.java.log <-- seating /d:/My_Documents/research_1/Experiment2/MultiProgram/Projects/DataStructures SeparateChainingHashTable.java.log
2002.03.07 22:17 B D:\Seating\MultiProgram\Projects\DataStructures\SkipNode.java <-- seating /d:/My_Documents/research_1/Experiment2/MultiProgram/Projects/DataStructures SkipNode.java
2002.03.07 22:17 B D:\Seating\MultiProgram\Projects\DataStructures\SkipNode.java.log <-- seating /d:/My_Documents/research_1/Experiment2/MultiProgram/Projects/DataStructures SkipNode.java.log
2002.03.07 22:17 B D:\Seating\MultiProgram\Projects\DataStructures\Sort.java <-- seating /d:/My_Documents/research_1/Experiment2/MultiProgram/Projects/DataStructures Sort.java
2002.03.07 22:17 B D:\Seating\MultiProgram\Projects\DataStructures\Sort.java.log <-- seating /d:/My_Documents/research_1/Experiment2/MultiProgram/Projects/DataStructures Sort.java.log
2002.03.07 22:17 B D:\Seating\MultiProgram\Projects\DataStructures\SplayTree.java <-- seating /d:/My_Documents/research_1/Experiment2/MultiProgram/Projects/DataStructures SplayTree.java
2002.03.07 22:17 B D:\Seating\MultiProgram\Projects\DataStructures\SplayTree.java.log <-- seating /d:/My_Documents/research_1/Experiment2/MultiProgram/Projects/DataStructures SplayTree.java.log
2002.03.07 22:17 B D:\Seating\MultiProgram\Projects\DataStructures\StackAr.java <-- seating /d:/My_Documents/research_1/Experiment2/MultiProgram/Projects/DataStructures StackAr.java
2002.03.07 22:17 B D:\Seating\MultiProgram\Projects\DataStructures\StackAr.java.log <-- seating /d:/My_Documents/research_1/Experiment2/MultiProgram/Projects/DataStructures StackAr.java.log
2002.03.07 22:17 B D:\Seating\MultiProgram\Projects\DataStructures\StackLi.java <-- seating /d:/My_Documents/research_1/Experiment2/MultiProgram/Projects/DataStructures StackLi.java
2002.03.07 22:17 B D:\Seating\MultiProgram\Projects\DataStructures\StackLi.java.log <-- seating /d:/My_Documents/research_1/Experiment2/MultiProgram/Projects/DataStructures StackLi.java.log
2002.03.07 22:17 B D:\Seating\MultiProgram\Projects\DataStructures\Treap.java <-- seating /d:/My_Documents/research_1/Experiment2/MultiProgram/Projects/DataStructures Treap.java
2002.03.07 22:17 B D:\Seating\MultiProgram\Projects\DataStructures\Treap.java.log <-- seating /d:/My_Documents/research_1/Experiment2/MultiProgram/Projects/DataStructures Treap.java.log
2002.03.07 22:17 B D:\Seating\MultiProgram\Projects\DataStructures\TreapNode.java <-- seating /d:/My_Documents/research_1/Experiment2/MultiProgram/Projects/DataStructures TreapNode.java
2002.03.07 22:17 B D:\Seating\MultiProgram\Projects\DataStructures\TreapNode.java.log <-- seating /d:/My_Documents/research_1/Experiment2/MultiProgram/Projects/DataStructures TreapNode.java.log
2002.03.07 22:17 B D:\Seating\MultiProgram\Projects\DataStructures\Underflow-001.java.log <-- seating /d:/My_Documents/research_1/Experiment2/MultiProgram/Projects/DataStructures Underflow-001.java.log
2002.03.07 22:17 B D:\Seating\MultiProgram\Projects\DataStructures\Underflow.java <-- seating /d:/My_Documents/research_1/Experiment2/MultiProgram/Projects/DataStructures Underflow.java
2002.03.13 18:15 B D:\Seating\MultiProgram\Projects\DataStructures\AANode-001.java.log --> iez107 /d:/My_Documents/research_1/Experiment2/backup1/MultiProgram/Projects/DataStructures AANode-001.java.log
2002.03.13 18:15 B D:\Seating\MultiProgram\Projects\DataStructures\AANode.java --> iez107 /d:/My_Documents/research_1/Experiment2/backup1/MultiProgram/Projects/DataStructures AANode.java
2002.03.13 18:15 B D:\Seating\MultiProgram\Projects\DataStructures\AATree.java --> iez107 /d:/My_Documents/research_1/Experiment2/backup1/MultiProgram/Projects/DataStructures AATree.java
2002.03.13 18:15 B D:\Seating\MultiProgram\Projects\DataStructures\AATree.java.log --> iez107 /d:/My_Documents/research_1/Experiment2/backup1/MultiProgram/Projects/DataStructures AATree.java.log
2002.03.13 18:15 B D:\Seating\MultiProgram\Projects\DataStructures\AvlNode.java --> iez107 /d:/My_Documents/research_1/Experiment2/backup1/MultiProgram/Projects/DataStructures AvlNode.java
2002.03.13 18:15 B D:\Seating\MultiProgram\Projects\DataStructures\AvlNode.java.log --> iez107 /d:/My_Documents/research_1/Experiment2/backup1/MultiProgram/Projects/DataStructures AvlNode.java.log
2002.03.13 18:15 B D:\Seating\MultiProgram\Projects\DataStructures\AvlTree.java --> iez107 /d:/My_Documents/research_1/Experiment2/backup1/MultiProgram/Projects/DataStructures AvlTree.java
2002.03.13 18:15 B D:\Seating\MultiProgram\Projects\DataStructures\AvlTree.java.log --> iez107 /d:/My_Documents/research_1/Experiment2/backup1/MultiProgram/Projects/DataStructures AvlTree.java.log
2002.03.13 18:15 B D:\Seating\MultiProgram\Projects\DataStructures\BinaryHeap.java --> iez107 /d:/My_Documents/research_1/Experiment2/backup1/MultiProgram/Projects/DataStructures BinaryHeap.java
2002.03.13 18:15 B D:\Seating\MultiProgram\Projects\DataStructures\BinaryHeap.java.log --> iez107 /d:/My_Documents/research_1/Experiment2/backup1/MultiProgram/Projects/DataStructures BinaryHeap.java.log
2002.03.13 18:15 B D:\Seating\MultiProgram\Projects\DataStructures\BinaryNode.java --> iez107 /d:/My_Documents/research_1/Experiment2/backup1/MultiProgram/Projects/DataStructures BinaryNode.java
2002.03.13 18:15 B D:\Seating\MultiProgram\Projects\DataStructures\BinaryNode.java.log --> iez107 /d:/My_Documents/research_1/Experiment2/backup1/MultiProgram/Projects/DataStructures BinaryNode.java.log
2002.03.13 18:15 B D:\Seating\MultiProgram\Projects\DataStructures\BinarySearchTree.java --> iez107 /d:/My_Documents/research_1/Experiment2/backup1/MultiProgram/Projects/DataStructures BinarySearchTree.java
2002.03.13 18:15 B D:\Seating\MultiProgram\Projects\DataStructures\BinarySearchTree.java.log --> iez107 /d:/My_Documents/research_1/Experiment2/backup1/MultiProgram/Projects/DataStructures BinarySearchTree.java.log
2002.03.13 18:15 B D:\Seating\MultiProgram\Projects\DataStructures\BinomialNode.java --> iez107 /d:/My_Documents/research_1/Experiment2/backup1/MultiProgram/Projects/DataStructures BinomialNode.java
2002.03.13 18:15 B D:\Seating\MultiProgram\Projects\DataStructures\BinomialNode.java.log --> iez107 /d:/My_Documents/research_1/Experiment2/backup1/MultiProgram/Projects/DataStructures BinomialNode.java.log
2002.03.13 18:15 B D:\Seating\MultiProgram\Projects\DataStructures\BinomialQueue.java --> iez107 /d:/My_Documents/research_1/Experiment2/backup1/MultiProgram/Projects/DataStructures BinomialQueue.java
2002.03.13 18:15 B D:\Seating\MultiProgram\Projects\DataStructures\BinomialQueue.java.log --> iez107 /d:/My_Documents/research_1/Experiment2/backup1/MultiProgram/Projects/DataStructures BinomialQueue.java.log
2002.03.13 18:15 B D:\Seating\MultiProgram\Projects\DataStructures\Comparable-001.java.log --> iez107 /d:/My_Documents/research_1/Experiment2/backup1/MultiProgram/Projects/DataStructures Comparable-001.java.log
2002.03.13 18:15 B D:\Seating\MultiProgram\Projects\DataStructures\Comparable.java --> iez107 /d:/My_Documents/research_1/Experiment2/backup1/MultiProgram/Projects/DataStructures Comparable.java
2002.03.13 18:15 B D:\Seating\MultiProgram\Projects\DataStructures\CursorList.java --> iez107 /d:/My_Documents/research_1/Experiment2/backup1/MultiProgram/Projects/DataStructures CursorList.java
2002.03.13 18:15 B D:\Seating\MultiProgram\Projects\DataStructures\CursorList.java.log --> iez107 /d:/My_Documents/research_1/Experiment2/backup1/MultiProgram/Projects/DataStructures CursorList.java.log
2002.03.13 18:15 B D:\Seating\MultiProgram\Projects\DataStructures\CursorListItr.java --> iez107 /d:/My_Documents/research_1/Experiment2/backup1/MultiProgram/Projects/DataStructures CursorListItr.java
2002.03.13 18:15 B D:\Seating\MultiProgram\Projects\DataStructures\CursorListItr.java.log --> iez107 /d:/My_Documents/research_1/Experiment2/backup1/MultiProgram/Projects/DataStructures CursorListItr.java.log
2002.03.13 18:15 B D:\Seating\MultiProgram\Projects\DataStructures\CursorNode.java --> iez107 /d:/My_Documents/research_1/Experiment2/backup1/MultiProgram/Projects/DataStructures CursorNode.java
2002.03.13 18:15 B D:\Seating\MultiProgram\Projects\DataStructures\CursorNode.java.log --> iez107 /d:/My_Documents/research_1/Experiment2/backup1/MultiProgram/Projects/DataStructures CursorNode.java.log
2002.03.13 18:15 B D:\Seating\MultiProgram\Projects\DataStructures\DisjSets.java --> iez107 /d:/My_Documents/research_1/Experiment2/backup1/MultiProgram/Projects/DataStructures DisjSets.java
2002.03.13 18:15 B D:\Seating\MultiProgram\Projects\DataStructures\DisjSets.java.log --> iez107 /d:/My_Documents/research_1/Experiment2/backup1/MultiProgram/Projects/DataStructures DisjSets.java.log
2002.03.13 18:15 B D:\Seating\MultiProgram\Projects\DataStructures\DisjSetsFast.java --> iez107 /d:/My_Documents/research_1/Experiment2/backup1/MultiProgram/Projects/DataStructures DisjSetsFast.java
2002.03.13 18:15 B D:\Seating\MultiProgram\Projects\DataStructures\DisjSetsFast.java.log --> iez107 /d:/My_Documents/research_1/Experiment2/backup1/MultiProgram/Projects/DataStructures DisjSetsFast.java.log
2002.03.13 18:15 B D:\Seating\MultiProgram\Projects\DataStructures\DSL.java --> iez107 /d:/My_Documents/research_1/Experiment2/backup1/MultiProgram/Projects/DataStructures DSL.java
2002.03.13 18:15 B D:\Seating\MultiProgram\Projects\DataStructures\DSL.java.log --> iez107 /d:/My_Documents/research_1/Experiment2/backup1/MultiProgram/Projects/DataStructures DSL.java.log
2002.03.13 18:15 B D:\Seating\MultiProgram\Projects\DataStructures\Hashable.java --> iez107 /d:/My_Documents/research_1/Experiment2/backup1/MultiProgram/Projects/DataStructures Hashable.java
2002.03.13 18:15 B D:\Seating\MultiProgram\Projects\DataStructures\Hashable.java.log --> iez107 /d:/My_Documents/research_1/Experiment2/backup1/MultiProgram/Projects/DataStructures Hashable.java.log
2002.03.13 18:15 B D:\Seating\MultiProgram\Projects\DataStructures\HashEntry.java --> iez107 /d:/My_Documents/research_1/Experiment2/backup1/MultiProgram/Projects/DataStructures HashEntry.java
2002.03.13 18:15 B D:\Seating\MultiProgram\Projects\DataStructures\HashEntry.java.log --> iez107 /d:/My_Documents/research_1/Experiment2/backup1/MultiProgram/Projects/DataStructures HashEntry.java.log
2002.03.13 18:15 B D:\Seating\MultiProgram\Projects\DataStructures\INDEX.HTM --> iez107 /d:/My_Documents/research_1/Experiment2/backup1/MultiProgram/Projects/DataStructures INDEX.HTM
2002.03.13 18:15 B D:\Seating\MultiProgram\Projects\DataStructures\LeftHeapNode.java --> iez107 /d:/My_Documents/research_1/Experiment2/backup1/MultiProgram/Projects/DataStructures LeftHeapNode.java
2002.03.13 18:15 B D:\Seating\MultiProgram\Projects\DataStructures\LeftHeapNode.java.log --> iez107 /d:/My_Documents/research_1/Experiment2/backup1/MultiProgram/Projects/DataStructures LeftHeapNode.java.log
2002.03.13 18:15 B D:\Seating\MultiProgram\Projects\DataStructures\LeftistHeap-001.java.log --> iez107 /d:/My_Documents/research_1/Experiment2/backup1/MultiProgram/Projects/DataStructures LeftistHeap-001.java.log
2002.03.13 18:15 B D:\Seating\MultiProgram\Projects\DataStructures\LeftistHeap.java --> iez107 /d:/My_Documents/research_1/Experiment2/backup1/MultiProgram/Projects/DataStructures LeftistHeap.java
2002.03.13 18:15 B D:\Seating\MultiProgram\Projects\DataStructures\LinkedList-001.java.log --> iez107 /d:/My_Documents/research_1/Experiment2/backup1/MultiProgram/Projects/DataStructures LinkedList-001.java.log
2002.03.13 18:15 B D:\Seating\MultiProgram\Projects\DataStructures\LinkedList.java --> iez107 /d:/My_Documents/research_1/Experiment2/backup1/MultiProgram/Projects/DataStructures LinkedList.java
2002.03.13 18:15 B D:\Seating\MultiProgram\Projects\DataStructures\LinkedListItr-001.java.log --> iez107 /d:/My_Documents/research_1/Experiment2/backup1/MultiProgram/Projects/DataStructures LinkedListItr-001.java.log
2002.03.13 18:15 B D:\Seating\MultiProgram\Projects\DataStructures\LinkedListItr.java --> iez107 /d:/My_Documents/research_1/Experiment2/backup1/MultiProgram/Projects/DataStructures LinkedListItr.java
2002.03.13 18:15 B D:\Seating\MultiProgram\Projects\DataStructures\ListNode-001.java.log --> iez107 /d:/My_Documents/research_1/Experiment2/backup1/MultiProgram/Projects/DataStructures ListNode-001.java.log
2002.03.13 18:15 B D:\Seating\MultiProgram\Projects\DataStructures\ListNode.java --> iez107 /d:/My_Documents/research_1/Experiment2/backup1/MultiProgram/Projects/DataStructures ListNode.java
2002.03.13 18:15 B D:\Seating\MultiProgram\Projects\DataStructures\MyInteger-001.java.log --> iez107 /d:/My_Documents/research_1/Experiment2/backup1/MultiProgram/Projects/DataStructures MyInteger-001.java.log
2002.03.13 18:15 B D:\Seating\MultiProgram\Projects\DataStructures\MyInteger.java --> iez107 /d:/My_Documents/research_1/Experiment2/backup1/MultiProgram/Projects/DataStructures MyInteger.java
2002.03.13 18:15 B D:\Seating\MultiProgram\Projects\DataStructures\MyRandom.java --> iez107 /d:/My_Documents/research_1/Experiment2/backup1/MultiProgram/Projects/DataStructures MyRandom.java
2002.03.13 18:15 B D:\Seating\MultiProgram\Projects\DataStructures\Overflow-001.java.log --> iez107 /d:/My_Documents/research_1/Experiment2/backup1/MultiProgram/Projects/DataStructures Overflow-001.java.log
2002.03.13 18:15 B D:\Seating\MultiProgram\Projects\DataStructures\Overflow.java --> iez107 /d:/My_Documents/research_1/Experiment2/backup1/MultiProgram/Projects/DataStructures Overflow.java
2002.03.13 18:15 B D:\Seating\MultiProgram\Projects\DataStructures\PairHeap.java --> iez107 /d:/My_Documents/research_1/Experiment2/backup1/MultiProgram/Projects/DataStructures PairHeap.java
2002.03.13 18:15 B D:\Seating\MultiProgram\Projects\DataStructures\PairHeap.java.log --> iez107 /d:/My_Documents/research_1/Experiment2/backup1/MultiProgram/Projects/DataStructures PairHeap.java.log
2002.03.13 18:15 B D:\Seating\MultiProgram\Projects\DataStructures\PairNode.java --> iez107 /d:/My_Documents/research_1/Experiment2/backup1/MultiProgram/Projects/DataStructures PairNode.java
2002.03.13 18:15 B D:\Seating\MultiProgram\Projects\DataStructures\PairNode.java.log --> iez107 /d:/My_Documents/research_1/Experiment2/backup1/MultiProgram/Projects/DataStructures PairNode.java.log
2002.03.13 18:15 B D:\Seating\MultiProgram\Projects\DataStructures\QuadraticProbingHashTable.java --> iez107 /d:/My_Documents/research_1/Experiment2/backup1/MultiProgram/Projects/DataStructures QuadraticProbingHashTable.java
2002.03.13 18:15 B D:\Seating\MultiProgram\Projects\DataStructures\QuadraticProbingHashTable.java.log --> iez107 /d:/My_Documents/research_1/Experiment2/backup1/MultiProgram/Projects/DataStructures QuadraticProbingHashTable.java.log
2002.03.13 18:15 B D:\Seating\MultiProgram\Projects\DataStructures\QueueAr.java --> iez107 /d:/My_Documents/research_1/Experiment2/backup1/MultiProgram/Projects/DataStructures QueueAr.java
2002.03.13 18:15 B D:\Seating\MultiProgram\Projects\DataStructures\QueueAr.java.log --> iez107 /d:/My_Documents/research_1/Experiment2/backup1/MultiProgram/Projects/DataStructures QueueAr.java.log
2002.03.13 18:15 B D:\Seating\MultiProgram\Projects\DataStructures\Random-001.java.log --> iez107 /d:/My_Documents/research_1/Experiment2/backup1/MultiProgram/Projects/DataStructures Random-001.java.log
2002.03.13 18:15 B D:\Seating\MultiProgram\Projects\DataStructures\RedBlackNode.java --> iez107 /d:/My_Documents/research_1/Experiment2/backup1/MultiProgram/Projects/DataStructures RedBlackNode.java
2002.03.13 18:15 B D:\Seating\MultiProgram\Projects\DataStructures\RedBlackNode.java.log --> iez107 /d:/My_Documents/research_1/Experiment2/backup1/MultiProgram/Projects/DataStructures RedBlackNode.java.log
2002.03.13 18:15 B D:\Seating\MultiProgram\Projects\DataStructures\RedBlackTree.java --> iez107 /d:/My_Documents/research_1/Experiment2/backup1/MultiProgram/Projects/DataStructures RedBlackTree.java
2002.03.13 18:15 B D:\Seating\MultiProgram\Projects\DataStructures\RedBlackTree.java.log --> iez107 /d:/My_Documents/research_1/Experiment2/backup1/MultiProgram/Projects/DataStructures RedBlackTree.java.log
2002.03.13 18:15 B D:\Seating\MultiProgram\Projects\DataStructures\Rotations.java --> iez107 /d:/My_Documents/research_1/Experiment2/backup1/MultiProgram/Projects/DataStructures Rotations.java
2002.03.13 18:15 B D:\Seating\MultiProgram\Projects\DataStructures\Rotations.java.log --> iez107 /d:/My_Documents/research_1/Experiment2/backup1/MultiProgram/Projects/DataStructures Rotations.java.log
2002.03.13 18:15 B D:\Seating\MultiProgram\Projects\DataStructures\SeparateChainingHashTable.java --> iez107 /d:/My_Documents/research_1/Experiment2/backup1/MultiProgram/Projects/DataStructures SeparateChainingHashTable.java
2002.03.13 18:15 B D:\Seating\MultiProgram\Projects\DataStructures\SeparateChainingHashTable.java.log --> iez107 /d:/My_Documents/research_1/Experiment2/backup1/MultiProgram/Projects/DataStructures SeparateChainingHashTable.java.log
2002.03.13 18:15 B D:\Seating\MultiProgram\Projects\DataStructures\SkipNode.java --> iez107 /d:/My_Documents/research_1/Experiment2/backup1/MultiProgram/Projects/DataStructures SkipNode.java
2002.03.13 18:15 B D:\Seating\MultiProgram\Projects\DataStructures\SkipNode.java.log --> iez107 /d:/My_Documents/research_1/Experiment2/backup1/MultiProgram/Projects/DataStructures SkipNode.java.log
2002.03.13 18:15 B D:\Seating\MultiProgram\Projects\DataStructures\Sort.java --> iez107 /d:/My_Documents/research_1/Experiment2/backup1/MultiProgram/Projects/DataStructures Sort.java
2002.03.13 18:15 B D:\Seating\MultiProgram\Projects\DataStructures\Sort.java.log --> iez107 /d:/My_Documents/research_1/Experiment2/backup1/MultiProgram/Projects/DataStructures Sort.java.log
2002.03.13 18:15 B D:\Seating\MultiProgram\Projects\DataStructures\SplayTree.java --> iez107 /d:/My_Documents/research_1/Experiment2/backup1/MultiProgram/Projects/DataStructures SplayTree.java
2002.03.13 18:15 B D:\Seating\MultiProgram\Projects\DataStructures\SplayTree.java.log --> iez107 /d:/My_Documents/research_1/Experiment2/backup1/MultiProgram/Projects/DataStructures SplayTree.java.log
2002.03.13 18:15 B D:\Seating\MultiProgram\Projects\DataStructures\StackAr.java --> iez107 /d:/My_Documents/research_1/Experiment2/backup1/MultiProgram/Projects/DataStructures StackAr.java
2002.03.13 18:15 B D:\Seating\MultiProgram\Projects\DataStructures\StackAr.java.log --> iez107 /d:/My_Documents/research_1/Experiment2/backup1/MultiProgram/Projects/DataStructures StackAr.java.log
2002.03.13 18:15 B D:\Seating\MultiProgram\Projects\DataStructures\StackLi.java --> iez107 /d:/My_Documents/research_1/Experiment2/backup1/MultiProgram/Projects/DataStructures StackLi.java
2002.03.13 18:16 B D:\Seating\MultiProgram\Projects\DataStructures\StackLi.java.log --> iez107 /d:/My_Documents/research_1/Experiment2/backup1/MultiProgram/Projects/DataStructures StackLi.java.log
2002.03.13 18:16 B D:\Seating\MultiProgram\Projects\DataStructures\Treap.java --> iez107 /d:/My_Documents/research_1/Experiment2/backup1/MultiProgram/Projects/DataStructures Treap.java
2002.03.13 18:16 B D:\Seating\MultiProgram\Projects\DataStructures\Treap.java.log --> iez107 /d:/My_Documents/research_1/Experiment2/backup1/MultiProgram/Projects/DataStructures Treap.java.log
2002.03.13 18:16 B D:\Seating\MultiProgram\Projects\DataStructures\TreapNode.java --> iez107 /d:/My_Documents/research_1/Experiment2/backup1/MultiProgram/Projects/DataStructures TreapNode.java
2002.03.13 18:16 B D:\Seating\MultiProgram\Projects\DataStructures\TreapNode.java.log --> iez107 /d:/My_Documents/research_1/Experiment2/backup1/MultiProgram/Projects/DataStructures TreapNode.java.log
2002.03.13 18:16 B D:\Seating\MultiProgram\Projects\DataStructures\Underflow-001.java.log --> iez107 /d:/My_Documents/research_1/Experiment2/backup1/MultiProgram/Projects/DataStructures Underflow-001.java.log
2002.03.13 18:16 B D:\Seating\MultiProgram\Projects\DataStructures\Underflow.java --> iez107 /d:/My_Documents/research_1/Experiment2/backup1/MultiProgram/Projects/DataStructures Underflow.java
2002.03.13 18:16 B D:\Seating\MultiProgram\Projects\DataStructures\WS_FTP.LOG --> iez107 /d:/My_Documents/research_1/Experiment2/backup1/MultiProgram/Projects/DataStructures WS_FTP.LOG
2004.01.12 21:53 B E:\My Documents\Research\KDSSP\KSPR_perf\DataStructures\AANode-001.java.log --> 143.89.20.198 /my_document/research/kdssp/kspr_perf/datastructures AANode-001.java.log
2004.01.12 21:53 B E:\My Documents\Research\KDSSP\KSPR_perf\DataStructures\AANode.java --> 143.89.20.198 /my_document/research/kdssp/kspr_perf/datastructures AANode.java
2004.01.12 21:53 B E:\My Documents\Research\KDSSP\KSPR_perf\DataStructures\AATree.java --> 143.89.20.198 /my_document/research/kdssp/kspr_perf/datastructures AATree.java
2004.01.12 21:53 B E:\My Documents\Research\KDSSP\KSPR_perf\DataStructures\AATree.java.log --> 143.89.20.198 /my_document/research/kdssp/kspr_perf/datastructures AATree.java.log
2004.01.12 21:53 B E:\My Documents\Research\KDSSP\KSPR_perf\DataStructures\AvlNode.java --> 143.89.20.198 /my_document/research/kdssp/kspr_perf/datastructures AvlNode.java
2004.01.12 21:53 B E:\My Documents\Research\KDSSP\KSPR_perf\DataStructures\AvlNode.java.log --> 143.89.20.198 /my_document/research/kdssp/kspr_perf/datastructures AvlNode.java.log
2004.01.12 21:53 B E:\My Documents\Research\KDSSP\KSPR_perf\DataStructures\AvlTree.java --> 143.89.20.198 /my_document/research/kdssp/kspr_perf/datastructures AvlTree.java
2004.01.12 21:53 B E:\My Documents\Research\KDSSP\KSPR_perf\DataStructures\AvlTree.java.log --> 143.89.20.198 /my_document/research/kdssp/kspr_perf/datastructures AvlTree.java.log
2004.01.12 21:53 B E:\My Documents\Research\KDSSP\KSPR_perf\DataStructures\BinaryHeap.java --> 143.89.20.198 /my_document/research/kdssp/kspr_perf/datastructures BinaryHeap.java
2004.01.12 21:53 B E:\My Documents\Research\KDSSP\KSPR_perf\DataStructures\BinaryHeap.java.log --> 143.89.20.198 /my_document/research/kdssp/kspr_perf/datastructures BinaryHeap.java.log
2004.01.12 21:53 B E:\My Documents\Research\KDSSP\KSPR_perf\DataStructures\BinaryNode.java --> 143.89.20.198 /my_document/research/kdssp/kspr_perf/datastructures BinaryNode.java
2004.01.12 21:53 B E:\My Documents\Research\KDSSP\KSPR_perf\DataStructures\BinaryNode.java.log --> 143.89.20.198 /my_document/research/kdssp/kspr_perf/datastructures BinaryNode.java.log
2004.01.12 21:53 B E:\My Documents\Research\KDSSP\KSPR_perf\DataStructures\BinarySearchTree.java --> 143.89.20.198 /my_document/research/kdssp/kspr_perf/datastructures BinarySearchTree.java
2004.01.12 21:53 B E:\My Documents\Research\KDSSP\KSPR_perf\DataStructures\BinarySearchTree.java.log --> 143.89.20.198 /my_document/research/kdssp/kspr_perf/datastructures BinarySearchTree.java.log
2004.01.12 21:53 B E:\My Documents\Research\KDSSP\KSPR_perf\DataStructures\BinomialNode.java --> 143.89.20.198 /my_document/research/kdssp/kspr_perf/datastructures BinomialNode.java
2004.01.12 21:53 B E:\My Documents\Research\KDSSP\KSPR_perf\DataStructures\BinomialNode.java.log --> 143.89.20.198 /my_document/research/kdssp/kspr_perf/datastructures BinomialNode.java.log
2004.01.12 21:53 B E:\My Documents\Research\KDSSP\KSPR_perf\DataStructures\BinomialQueue.java --> 143.89.20.198 /my_document/research/kdssp/kspr_perf/datastructures BinomialQueue.java
2004.01.12 21:53 B E:\My Documents\Research\KDSSP\KSPR_perf\DataStructures\BinomialQueue.java.log --> 143.89.20.198 /my_document/research/kdssp/kspr_perf/datastructures BinomialQueue.java.log
2004.01.12 21:53 B E:\My Documents\Research\KDSSP\KSPR_perf\DataStructures\Comparable-001.java.log --> 143.89.20.198 /my_document/research/kdssp/kspr_perf/datastructures Comparable-001.java.log
2004.01.12 21:53 B E:\My Documents\Research\KDSSP\KSPR_perf\DataStructures\Comparable.java --> 143.89.20.198 /my_document/research/kdssp/kspr_perf/datastructures Comparable.java
2004.01.12 21:53 B E:\My Documents\Research\KDSSP\KSPR_perf\DataStructures\CursorList.java --> 143.89.20.198 /my_document/research/kdssp/kspr_perf/datastructures CursorList.java
2004.01.12 21:53 B E:\My Documents\Research\KDSSP\KSPR_perf\DataStructures\CursorList.java.log --> 143.89.20.198 /my_document/research/kdssp/kspr_perf/datastructures CursorList.java.log
2004.01.12 21:53 B E:\My Documents\Research\KDSSP\KSPR_perf\DataStructures\CursorListItr.java --> 143.89.20.198 /my_document/research/kdssp/kspr_perf/datastructures CursorListItr.java
2004.01.12 21:53 B E:\My Documents\Research\KDSSP\KSPR_perf\DataStructures\CursorListItr.java.log --> 143.89.20.198 /my_document/research/kdssp/kspr_perf/datastructures CursorListItr.java.log
2004.01.12 21:53 B E:\My Documents\Research\KDSSP\KSPR_perf\DataStructures\CursorNode.java --> 143.89.20.198 /my_document/research/kdssp/kspr_perf/datastructures CursorNode.java
2004.01.12 21:53 B E:\My Documents\Research\KDSSP\KSPR_perf\DataStructures\CursorNode.java.log --> 143.89.20.198 /my_document/research/kdssp/kspr_perf/datastructures CursorNode.java.log
2004.01.12 21:53 B E:\My Documents\Research\KDSSP\KSPR_perf\DataStructures\DisjSets.java --> 143.89.20.198 /my_document/research/kdssp/kspr_perf/datastructures DisjSets.java
2004.01.12 21:53 B E:\My Documents\Research\KDSSP\KSPR_perf\DataStructures\DisjSets.java.log --> 143.89.20.198 /my_document/research/kdssp/kspr_perf/datastructures DisjSets.java.log
2004.01.12 21:54 B E:\My Documents\Research\KDSSP\KSPR_perf\DataStructures\DisjSetsFast.java --> 143.89.20.198 /my_document/research/kdssp/kspr_perf/datastructures DisjSetsFast.java
2004.01.12 21:54 B E:\My Documents\Research\KDSSP\KSPR_perf\DataStructures\DisjSetsFast.java.log --> 143.89.20.198 /my_document/research/kdssp/kspr_perf/datastructures DisjSetsFast.java.log
2004.01.12 21:54 B E:\My Documents\Research\KDSSP\KSPR_perf\DataStructures\DSL.java --> 143.89.20.198 /my_document/research/kdssp/kspr_perf/datastructures DSL.java
2004.01.12 21:54 B E:\My Documents\Research\KDSSP\KSPR_perf\DataStructures\DSL.java.log --> 143.89.20.198 /my_document/research/kdssp/kspr_perf/datastructures DSL.java.log
2004.01.12 21:54 B E:\My Documents\Research\KDSSP\KSPR_perf\DataStructures\Hashable.java --> 143.89.20.198 /my_document/research/kdssp/kspr_perf/datastructures Hashable.java
2004.01.12 21:54 B E:\My Documents\Research\KDSSP\KSPR_perf\DataStructures\Hashable.java.log --> 143.89.20.198 /my_document/research/kdssp/kspr_perf/datastructures Hashable.java.log
2004.01.12 21:54 B E:\My Documents\Research\KDSSP\KSPR_perf\DataStructures\HashEntry.java --> 143.89.20.198 /my_document/research/kdssp/kspr_perf/datastructures HashEntry.java
2004.01.12 21:54 B E:\My Documents\Research\KDSSP\KSPR_perf\DataStructures\HashEntry.java.log --> 143.89.20.198 /my_document/research/kdssp/kspr_perf/datastructures HashEntry.java.log
2004.01.12 21:54 B E:\My Documents\Research\KDSSP\KSPR_perf\DataStructures\INDEX.HTM --> 143.89.20.198 /my_document/research/kdssp/kspr_perf/datastructures INDEX.HTM
2004.01.12 21:54 B E:\My Documents\Research\KDSSP\KSPR_perf\DataStructures\LeftHeapNode.java --> 143.89.20.198 /my_document/research/kdssp/kspr_perf/datastructures LeftHeapNode.java
2004.01.12 21:54 B E:\My Documents\Research\KDSSP\KSPR_perf\DataStructures\LeftHeapNode.java.log --> 143.89.20.198 /my_document/research/kdssp/kspr_perf/datastructures LeftHeapNode.java.log
2004.01.12 21:54 B E:\My Documents\Research\KDSSP\KSPR_perf\DataStructures\LeftistHeap-001.java.log --> 143.89.20.198 /my_document/research/kdssp/kspr_perf/datastructures LeftistHeap-001.java.log
2004.01.12 21:54 B E:\My Documents\Research\KDSSP\KSPR_perf\DataStructures\LeftistHeap.java --> 143.89.20.198 /my_document/research/kdssp/kspr_perf/datastructures LeftistHeap.java
2004.01.12 21:54 B E:\My Documents\Research\KDSSP\KSPR_perf\DataStructures\LinkedList-001.java.log --> 143.89.20.198 /my_document/research/kdssp/kspr_perf/datastructures LinkedList-001.java.log
2004.01.12 21:54 B E:\My Documents\Research\KDSSP\KSPR_perf\DataStructures\LinkedList.java --> 143.89.20.198 /my_document/research/kdssp/kspr_perf/datastructures LinkedList.java
2004.01.12 21:54 B E:\My Documents\Research\KDSSP\KSPR_perf\DataStructures\LinkedListItr-001.java.log --> 143.89.20.198 /my_document/research/kdssp/kspr_perf/datastructures LinkedListItr-001.java.log
2004.01.12 21:54 B E:\My Documents\Research\KDSSP\KSPR_perf\DataStructures\LinkedListItr.java --> 143.89.20.198 /my_document/research/kdssp/kspr_perf/datastructures LinkedListItr.java
2004.01.12 21:54 B E:\My Documents\Research\KDSSP\KSPR_perf\DataStructures\ListNode-001.java.log --> 143.89.20.198 /my_document/research/kdssp/kspr_perf/datastructures ListNode-001.java.log
2004.01.12 21:54 B E:\My Documents\Research\KDSSP\KSPR_perf\DataStructures\ListNode.java --> 143.89.20.198 /my_document/research/kdssp/kspr_perf/datastructures ListNode.java
2004.01.12 21:54 B E:\My Documents\Research\KDSSP\KSPR_perf\DataStructures\MyInteger-001.java.log --> 143.89.20.198 /my_document/research/kdssp/kspr_perf/datastructures MyInteger-001.java.log
2004.01.12 21:54 B E:\My Documents\Research\KDSSP\KSPR_perf\DataStructures\MyInteger.java --> 143.89.20.198 /my_document/research/kdssp/kspr_perf/datastructures MyInteger.java
2004.01.12 21:54 B E:\My Documents\Research\KDSSP\KSPR_perf\DataStructures\MyRandom.java --> 143.89.20.198 /my_document/research/kdssp/kspr_perf/datastructures MyRandom.java
2004.01.12 21:54 B E:\My Documents\Research\KDSSP\KSPR_perf\DataStructures\Overflow-001.java.log --> 143.89.20.198 /my_document/research/kdssp/kspr_perf/datastructures Overflow-001.java.log
2004.01.12 21:54 B E:\My Documents\Research\KDSSP\KSPR_perf\DataStructures\Overflow.java --> 143.89.20.198 /my_document/research/kdssp/kspr_perf/datastructures Overflow.java
2004.01.12 21:54 B E:\My Documents\Research\KDSSP\KSPR_perf\DataStructures\PairHeap.java --> 143.89.20.198 /my_document/research/kdssp/kspr_perf/datastructures PairHeap.java
2004.01.12 21:54 B E:\My Documents\Research\KDSSP\KSPR_perf\DataStructures\PairHeap.java.log --> 143.89.20.198 /my_document/research/kdssp/kspr_perf/datastructures PairHeap.java.log
2004.01.12 21:54 B E:\My Documents\Research\KDSSP\KSPR_perf\DataStructures\PairNode.java --> 143.89.20.198 /my_document/research/kdssp/kspr_perf/datastructures PairNode.java
2004.01.12 21:54 B E:\My Documents\Research\KDSSP\KSPR_perf\DataStructures\PairNode.java.log --> 143.89.20.198 /my_document/research/kdssp/kspr_perf/datastructures PairNode.java.log
2004.01.12 21:54 B E:\My Documents\Research\KDSSP\KSPR_perf\DataStructures\QuadraticProbingHashTable.java --> 143.89.20.198 /my_document/research/kdssp/kspr_perf/datastructures QuadraticProbingHashTable.java
2004.01.12 21:54 B E:\My Documents\Research\KDSSP\KSPR_perf\DataStructures\QuadraticProbingHashTable.java.log --> 143.89.20.198 /my_document/research/kdssp/kspr_perf/datastructures QuadraticProbingHashTable.java.log
2004.01.12 21:54 B E:\My Documents\Research\KDSSP\KSPR_perf\DataStructures\QueueAr.java --> 143.89.20.198 /my_document/research/kdssp/kspr_perf/datastructures QueueAr.java
2004.01.12 21:54 B E:\My Documents\Research\KDSSP\KSPR_perf\DataStructures\QueueAr.java.log --> 143.89.20.198 /my_document/research/kdssp/kspr_perf/datastructures QueueAr.java.log
2004.01.12 21:54 B E:\My Documents\Research\KDSSP\KSPR_perf\DataStructures\Random-001.java.log --> 143.89.20.198 /my_document/research/kdssp/kspr_perf/datastructures Random-001.java.log
2004.01.12 21:54 B E:\My Documents\Research\KDSSP\KSPR_perf\DataStructures\RedBlackNode.java --> 143.89.20.198 /my_document/research/kdssp/kspr_perf/datastructures RedBlackNode.java
2004.01.12 21:54 B E:\My Documents\Research\KDSSP\KSPR_perf\DataStructures\RedBlackNode.java.log --> 143.89.20.198 /my_document/research/kdssp/kspr_perf/datastructures RedBlackNode.java.log
2004.01.12 21:54 B E:\My Documents\Research\KDSSP\KSPR_perf\DataStructures\RedBlackTree.java --> 143.89.20.198 /my_document/research/kdssp/kspr_perf/datastructures RedBlackTree.java
2004.01.12 21:54 B E:\My Documents\Research\KDSSP\KSPR_perf\DataStructures\RedBlackTree.java.log --> 143.89.20.198 /my_document/research/kdssp/kspr_perf/datastructures RedBlackTree.java.log
2004.01.12 21:54 B E:\My Documents\Research\KDSSP\KSPR_perf\DataStructures\Rotations.java --> 143.89.20.198 /my_document/research/kdssp/kspr_perf/datastructures Rotations.java
2004.01.12 21:54 B E:\My Documents\Research\KDSSP\KSPR_perf\DataStructures\Rotations.java.log --> 143.89.20.198 /my_document/research/kdssp/kspr_perf/datastructures Rotations.java.log
2004.01.12 21:54 B E:\My Documents\Research\KDSSP\KSPR_perf\DataStructures\SeparateChainingHashTable.java --> 143.89.20.198 /my_document/research/kdssp/kspr_perf/datastructures SeparateChainingHashTable.java
2004.01.12 21:54 B E:\My Documents\Research\KDSSP\KSPR_perf\DataStructures\SeparateChainingHashTable.java.log --> 143.89.20.198 /my_document/research/kdssp/kspr_perf/datastructures SeparateChainingHashTable.java.log
2004.01.12 21:54 B E:\My Documents\Research\KDSSP\KSPR_perf\DataStructures\SkipNode.java --> 143.89.20.198 /my_document/research/kdssp/kspr_perf/datastructures SkipNode.java
2004.01.12 21:54 B E:\My Documents\Research\KDSSP\KSPR_perf\DataStructures\SkipNode.java.log --> 143.89.20.198 /my_document/research/kdssp/kspr_perf/datastructures SkipNode.java.log
2004.01.12 21:54 B E:\My Documents\Research\KDSSP\KSPR_perf\DataStructures\Sort.java --> 143.89.20.198 /my_document/research/kdssp/kspr_perf/datastructures Sort.java
2004.01.12 21:54 B E:\My Documents\Research\KDSSP\KSPR_perf\DataStructures\Sort.java.log --> 143.89.20.198 /my_document/research/kdssp/kspr_perf/datastructures Sort.java.log
2004.01.12 21:54 B E:\My Documents\Research\KDSSP\KSPR_perf\DataStructures\SplayTree.java --> 143.89.20.198 /my_document/research/kdssp/kspr_perf/datastructures SplayTree.java
2004.01.12 21:54 B E:\My Documents\Research\KDSSP\KSPR_perf\DataStructures\SplayTree.java.log --> 143.89.20.198 /my_document/research/kdssp/kspr_perf/datastructures SplayTree.java.log
2004.01.12 21:54 B E:\My Documents\Research\KDSSP\KSPR_perf\DataStructures\StackAr.java --> 143.89.20.198 /my_document/research/kdssp/kspr_perf/datastructures StackAr.java
2004.01.12 21:54 B E:\My Documents\Research\KDSSP\KSPR_perf\DataStructures\StackAr.java.log --> 143.89.20.198 /my_document/research/kdssp/kspr_perf/datastructures StackAr.java.log
2004.01.12 21:54 B E:\My Documents\Research\KDSSP\KSPR_perf\DataStructures\StackLi.java --> 143.89.20.198 /my_document/research/kdssp/kspr_perf/datastructures StackLi.java
2004.01.12 21:54 B E:\My Documents\Research\KDSSP\KSPR_perf\DataStructures\StackLi.java.log --> 143.89.20.198 /my_document/research/kdssp/kspr_perf/datastructures StackLi.java.log
2004.01.12 21:54 B E:\My Documents\Research\KDSSP\KSPR_perf\DataStructures\Treap.java --> 143.89.20.198 /my_document/research/kdssp/kspr_perf/datastructures Treap.java
2004.01.12 21:54 B E:\My Documents\Research\KDSSP\KSPR_perf\DataStructures\Treap.java.log --> 143.89.20.198 /my_document/research/kdssp/kspr_perf/datastructures Treap.java.log
2004.01.12 21:54 B E:\My Documents\Research\KDSSP\KSPR_perf\DataStructures\TreapNode.java --> 143.89.20.198 /my_document/research/kdssp/kspr_perf/datastructures TreapNode.java
2004.01.12 21:54 B E:\My Documents\Research\KDSSP\KSPR_perf\DataStructures\TreapNode.java.log --> 143.89.20.198 /my_document/research/kdssp/kspr_perf/datastructures TreapNode.java.log
2004.01.12 21:54 B E:\My Documents\Research\KDSSP\KSPR_perf\DataStructures\Underflow-001.java.log --> 143.89.20.198 /my_document/research/kdssp/kspr_perf/datastructures Underflow-001.java.log
2004.01.12 21:54 B E:\My Documents\Research\KDSSP\KSPR_perf\DataStructures\Underflow.java --> 143.89.20.198 /my_document/research/kdssp/kspr_perf/datastructures Underflow.java
2004.12.25 04:32 B E:\My_Documents_lab\Research\KDSSP\Exp200501\KSPR_perf\DataStructures\WS_FTP.LOG <-- seating /d:/My_Documents/Research/KDSSP/Exp200501/KSPR_perf/DataStructures WS_FTP.LOG
