99.12.21 19:20 B D:\Lin\SnNetwork\SnArcInfo.java --> stf.ust.hk /afs/ust.hk/staff/ie/linwq/jsrc SnArcInfo.java
99.12.21 19:20 B D:\Lin\SnNetwork\SnCandList.java --> stf.ust.hk /afs/ust.hk/staff/ie/linwq/jsrc SnCandList.java
99.12.21 19:20 B D:\Lin\SnNetwork\SnNetInfo.java --> stf.ust.hk /afs/ust.hk/staff/ie/linwq/jsrc SnNetInfo.java
99.12.21 19:20 B D:\Lin\SnNetwork\SnNetwork.java --> stf.ust.hk /afs/ust.hk/staff/ie/linwq/jsrc SnNetwork.java
99.12.21 19:21 B D:\Lin\SnNetwork\SnNetworkInterface.java --> stf.ust.hk /afs/ust.hk/staff/ie/linwq/jsrc SnNetworkInterface.java
99.12.21 19:21 B D:\Lin\SnNetwork\SnNodeInfo.java --> stf.ust.hk /afs/ust.hk/staff/ie/linwq/jsrc SnNodeInfo.java
100.12.20 11:07 B D:\bkiez122\Lin\SnNetwork\allclasses-frame.html --> iey032.ieem.ust.hk /Share/Jeff/SnNetwork allclasses-frame.html
100.12.20 11:07 B D:\bkiez122\Lin\SnNetwork\deprecated-list.html --> iey032.ieem.ust.hk /Share/Jeff/SnNetwork deprecated-list.html
100.12.20 11:07 B D:\bkiez122\Lin\SnNetwork\help-doc.html --> iey032.ieem.ust.hk /Share/Jeff/SnNetwork help-doc.html
100.12.20 11:07 B D:\bkiez122\Lin\SnNetwork\index-all.html --> iey032.ieem.ust.hk /Share/Jeff/SnNetwork index-all.html
100.12.20 11:07 B D:\bkiez122\Lin\SnNetwork\index.html --> iey032.ieem.ust.hk /Share/Jeff/SnNetwork index.html
100.12.20 11:07 B D:\bkiez122\Lin\SnNetwork\overview-tree.html --> iey032.ieem.ust.hk /Share/Jeff/SnNetwork overview-tree.html
100.12.20 11:07 B D:\bkiez122\Lin\SnNetwork\package-list --> iey032.ieem.ust.hk /Share/Jeff/SnNetwork package-list
100.12.20 11:07 B D:\bkiez122\Lin\SnNetwork\packages.html --> iey032.ieem.ust.hk /Share/Jeff/SnNetwork packages.html
100.12.20 11:07 B D:\bkiez122\Lin\SnNetwork\serialized-form.html --> iey032.ieem.ust.hk /Share/Jeff/SnNetwork serialized-form.html
100.12.20 11:07 B D:\bkiez122\Lin\SnNetwork\SnArcInfo.class --> iey032.ieem.ust.hk /Share/Jeff/SnNetwork SnArcInfo.class
100.12.20 11:07 B D:\bkiez122\Lin\SnNetwork\SnArcInfo.java --> iey032.ieem.ust.hk /Share/Jeff/SnNetwork SnArcInfo.java
100.12.20 11:07 B D:\bkiez122\Lin\SnNetwork\SnCandList.class --> iey032.ieem.ust.hk /Share/Jeff/SnNetwork SnCandList.class
100.12.20 11:07 B D:\bkiez122\Lin\SnNetwork\SnCandList.java --> iey032.ieem.ust.hk /Share/Jeff/SnNetwork SnCandList.java
100.12.20 11:07 B D:\bkiez122\Lin\SnNetwork\SnDisplay.class --> iey032.ieem.ust.hk /Share/Jeff/SnNetwork SnDisplay.class
100.12.20 11:07 B D:\bkiez122\Lin\SnNetwork\SnDisplay.java --> iey032.ieem.ust.hk /Share/Jeff/SnNetwork SnDisplay.java
100.12.20 11:07 B D:\bkiez122\Lin\SnNetwork\SnNetInfo.class --> iey032.ieem.ust.hk /Share/Jeff/SnNetwork SnNetInfo.class
100.12.20 11:07 B D:\bkiez122\Lin\SnNetwork\SnNetInfo.java --> iey032.ieem.ust.hk /Share/Jeff/SnNetwork SnNetInfo.java
100.12.20 11:07 B D:\bkiez122\Lin\SnNetwork\SnNetwork.class --> iey032.ieem.ust.hk /Share/Jeff/SnNetwork SnNetwork.class
100.12.20 11:07 B D:\bkiez122\Lin\SnNetwork\SnNetwork.java --> iey032.ieem.ust.hk /Share/Jeff/SnNetwork SnNetwork.java
100.12.20 11:07 B D:\bkiez122\Lin\SnNetwork\SnNetworkInterface.class --> iey032.ieem.ust.hk /Share/Jeff/SnNetwork SnNetworkInterface.class
100.12.20 11:07 B D:\bkiez122\Lin\SnNetwork\SnNetworkInterface.java --> iey032.ieem.ust.hk /Share/Jeff/SnNetwork SnNetworkInterface.java
100.12.20 11:07 B D:\bkiez122\Lin\SnNetwork\SnNodeInfo.class --> iey032.ieem.ust.hk /Share/Jeff/SnNetwork SnNodeInfo.class
100.12.20 11:07 B D:\bkiez122\Lin\SnNetwork\SnNodeInfo.java --> iey032.ieem.ust.hk /Share/Jeff/SnNetwork SnNodeInfo.java
100.12.20 11:07 B D:\bkiez122\Lin\SnNetwork\stylesheet.css --> iey032.ieem.ust.hk /Share/Jeff/SnNetwork stylesheet.css
2004.12.25 01:23 B E:\My_Documents_lab\Projects\HACTL\Program\Hactl\src\SnNetwork\WS_FTP.LOG <-- seating /d:/My_Documents/Projects/HACTL/Program/Hactl/src/SnNetwork WS_FTP.LOG
